<?xml version="1.0" encoding="UTF-8"?>
<testsuite xmlns:xsi="http://www.w3.org/2001/XMLSchema-instance" xsi:noNamespaceSchemaLocation="https://maven.apache.org/surefire/maven-surefire-plugin/xsd/surefire-test-report.xsd" name="com.warship.NavioTest" time="0.001" tests="6" errors="0" skipped="0" failures="0">
  <properties>
[...]
</properties>
  <testcase name="shouldCreateNavioTam1" classname="com.warship.NavioTest" time="0"/>
  <testcase name="shouldCreateNavioTam2" classname="com.warship.NavioTest" time="0"/>
  <testcase name="shouldCreateNavioTam3" classname="com.warship.NavioTest" time="0"/>
  <testcase name="shouldCreateNavioTam4" classname="com.warship.NavioTest" time="0.001"/>
  <testcase name="getCoordenadasNavio" classname="com.warship.NavioTest" time="0"/>
  <testcase name="getTamanhoNavio" classname="com.warship.NavioTest" time="0"/>
</testsuite>